<?xml version="1.0" encoding="UTF-8"?>
<!-- Generated by org.testng.reporters.JUnitXMLReporter -->
<testsuite ignored="0" hostname="DESKTOP-M8JFRL8" failures="1" tests="5" name="Test" time="25.639" errors="0" timestamp="2025-11-06T10:32:18 IST">
  <testcase classname="testscript.LoginPagetest" name="invalidUsernameAndValidpassword" time="0.0">
    <failure type="org.testng.TestNGException" message="
Parameter &amp;apos;username&amp;apos; is required by @Test on method invalidUsernameAndValidpassword but has not been marked @Optional or defined
in C:\Users\Anzil\eclipse-workspace\7rMartSuperMarket\testng.xml">
      <![CDATA[org.testng.TestNGException: 
Parameter 'username' is required by @Test on method invalidUsernameAndValidpassword but has not been marked @Optional or defined
in C:\Users\Anzil\eclipse-workspace\7rMartSuperMarket\testng.xml
at java.base/java.util.ArrayList.forEach(ArrayList.java:1596)
... Removed 26 stack frames]]>
    </failure>
  </testcase> <!-- invalidUsernameAndValidpassword -->
  <testcase classname="testscript.LoginPagetest" name="invalidUsernameAndinvalidpassword" time="0.269"/>
  <testcase classname="testscript.LoginPagetest" name="invalidUsernameAndinvalidpassword" time="0.412"/>
  <testcase classname="testscript.LoginPagetest" name="validUsernameAndinvalidpassword" time="0.202"/>
  <testcase classname="testscript.LoginPagetest" name="verifylogin" time="1.091"/>
</testsuite> <!-- Test -->
